-------------------------------------------------------------------------------
Test set: com.example.finance.service.TransactionServiceTest
-------------------------------------------------------------------------------
Tests run: 2, Failures: 0, Errors: 1, Skipped: 0, Time elapsed: 0.169 s <<< FAILURE! - in com.example.finance.service.TransactionServiceTest
rejectsWrongCategoryType  Time elapsed: 0.004 s  <<< ERROR!
org.mockito.exceptions.misusing.UnnecessaryStubbingException: 

Unnecessary stubbings detected.
Clean & maintainable test code requires zero unnecessary code.
Following stubbings are unnecessary (click to navigate to relevant line of code):
  1. -> at com.example.finance.service.TransactionServiceTest.rejectsWrongCategoryType(TransactionServiceTest.java:3)
Please remove unnecessary stubbings or use 'lenient' strictness. More info: javadoc for UnnecessaryStubbingException class.

