<?xml version="1.0" encoding="UTF-8"?>
<testsuite xmlns:xsi="http://www.w3.org/2001/XMLSchema-instance" xsi:noNamespaceSchemaLocation="https://maven.apache.org/surefire/maven-surefire-plugin/xsd/surefire-test-report.xsd" name="com.example.finance.controller.AuthApiControllerTest" time="2.059" tests="1" errors="0" skipped="0" failures="1">
  <properties>
[...]
</properties>
  <testcase name="invalidRegistrationIsBadRequest" classname="com.example.finance.controller.AuthApiControllerTest" time="0.064">
    <failure message="Status expected:&lt;400&gt; but was:&lt;401&gt;" type="java.lang.AssertionError"><![CDATA[java.lang.AssertionError: Status expected:<400> but was:<401>
	at com.example.finance.controller.AuthApiControllerTest.invalidRegistrationIsBadRequest(AuthApiControllerTest.java:3)
]]></failure>
    <system-out><![CDATA[20:07:22.663 [main] DEBUG org.springframework.test.context.BootstrapUtils - Instantiating CacheAwareContextLoaderDelegate from class [org.springframework.test.context.cache.DefaultCacheAwareContextLoaderDelegate]
20:07:22.668 [main] DEBUG org.springframework.test.context.BootstrapUtils - Instantiating BootstrapContext using constructor [public org.springframework.test.context.support.DefaultBootstrapContext(java.lang.Class,org.springframework.test.context.CacheAwareContextLoaderDelegate)]
20:07:22.693 [main] DEBUG org.springframework.test.context.BootstrapUtils - Instantiating TestContextBootstrapper for test class [com.example.finance.controller.AuthApiControllerTest] from class [org.springframework.boot.test.autoconfigure.web.servlet.WebMvcTestContextBootstrapper]
20:07:22.700 [main] INFO org.springframework.boot.test.autoconfigure.web.servlet.WebMvcTestContextBootstrapper - Neither @ContextConfiguration nor @ContextHierarchy found for test class [com.example.finance.controller.AuthApiControllerTest], using SpringBootContextLoader
20:07:22.702 [main] DEBUG org.springframework.test.context.support.AbstractContextLoader - Did not detect default resource location for test class [com.example.finance.controller.AuthApiControllerTest]: class path resource [com/example/finance/controller/AuthApiControllerTest-context.xml] does not exist
20:07:22.703 [main] DEBUG org.springframework.test.context.support.AbstractContextLoader - Did not detect default resource location for test class [com.example.finance.controller.AuthApiControllerTest]: class path resource [com/example/finance/controller/AuthApiControllerTestContext.groovy] does not exist
20:07:22.703 [main] INFO org.springframework.test.context.support.AbstractContextLoader - Could not detect default resource locations for test class [com.example.finance.controller.AuthApiControllerTest]: no resource found for suffixes {-context.xml, Context.groovy}.
20:07:22.703 [main] INFO org.springframework.test.context.support.AnnotationConfigContextLoaderUtils - Could not detect default configuration classes for test class [com.example.finance.controller.AuthApiControllerTest]: AuthApiControllerTest does not declare any static, non-private, non-final, nested classes annotated with @Configuration.
20:07:22.758 [main] DEBUG org.springframework.test.context.support.ActiveProfilesUtils - Could not find an 'annotation declaring class' for annotation type [org.springframework.test.context.ActiveProfiles] and class [com.example.finance.controller.AuthApiControllerTest]
20:07:22.796 [main] DEBUG org.springframework.context.annotation.ClassPathScanningCandidateComponentProvider - Identified candidate component class: file [D:\repo\java\finance-monitor-react-full\target\classes\com\example\finance\FinanceApplication.class]
20:07:22.796 [main] INFO org.springframework.boot.test.context.SpringBootTestContextBootstrapper - Found @SpringBootConfiguration com.example.finance.FinanceApplication for test class com.example.finance.controller.AuthApiControllerTest
20:07:22.798 [main] DEBUG org.springframework.boot.test.autoconfigure.web.servlet.WebMvcTestContextBootstrapper - @TestExecutionListeners is not present for class [com.example.finance.controller.AuthApiControllerTest]: using defaults.
20:07:22.798 [main] INFO org.springframework.boot.test.autoconfigure.web.servlet.WebMvcTestContextBootstrapper - Loaded default TestExecutionListener class names from location [META-INF/spring.factories]: [org.springframework.boot.test.mock.mockito.MockitoTestExecutionListener, org.springframework.boot.test.mock.mockito.ResetMocksTestExecutionListener, org.springframework.boot.test.autoconfigure.restdocs.RestDocsTestExecutionListener, org.springframework.boot.test.autoconfigure.web.client.MockRestServiceServerResetTestExecutionListener, org.springframework.boot.test.autoconfigure.web.servlet.MockMvcPrintOnlyOnFailureTestExecutionListener, org.springframework.boot.test.autoconfigure.web.servlet.WebDriverTestExecutionListener, org.springframework.boot.test.autoconfigure.webservices.client.MockWebServiceServerTestExecutionListener, org.springframework.test.context.web.ServletTestExecutionListener, org.springframework.test.context.support.DirtiesContextBeforeModesTestExecutionListener, org.springframework.test.context.event.ApplicationEventsTestExecutionListener, org.springframework.test.context.support.DependencyInjectionTestExecutionListener, org.springframework.test.context.support.DirtiesContextTestExecutionListener, org.springframework.test.context.transaction.TransactionalTestExecutionListener, org.springframework.test.context.jdbc.SqlScriptsTestExecutionListener, org.springframework.test.context.event.EventPublishingTestExecutionListener, org.springframework.security.test.context.support.WithSecurityContextTestExecutionListener, org.springframework.security.test.context.support.ReactorContextTestExecutionListener]
20:07:22.815 [main] INFO org.springframework.boot.test.autoconfigure.web.servlet.WebMvcTestContextBootstrapper - Using TestExecutionListeners: [org.springframework.test.context.web.ServletTestExecutionListener@5e403b4a, org.springframework.test.context.support.DirtiesContextBeforeModesTestExecutionListener@5117dd67, org.springframework.test.context.event.ApplicationEventsTestExecutionListener@5be49b60, org.springframework.boot.test.mock.mockito.MockitoTestExecutionListener@2931522b, org.springframework.boot.test.autoconfigure.SpringBootDependencyInjectionTestExecutionListener@7674b62c, org.springframework.test.context.support.DirtiesContextTestExecutionListener@19e7a160, org.springframework.test.context.transaction.TransactionalTestExecutionListener@662706a7, org.springframework.test.context.jdbc.SqlScriptsTestExecutionListener@45a4b042, org.springframework.test.context.event.EventPublishingTestExecutionListener@16b2bb0c, org.springframework.security.test.context.support.WithSecurityContextTestExecutionListener@327af41b, org.springframework.security.test.context.support.ReactorContextTestExecutionListener@6cb6decd, org.springframework.boot.test.mock.mockito.ResetMocksTestExecutionListener@c7045b9, org.springframework.boot.test.autoconfigure.restdocs.RestDocsTestExecutionListener@f99f5e0, org.springframework.boot.test.autoconfigure.web.client.MockRestServiceServerResetTestExecutionListener@6aa61224, org.springframework.boot.test.autoconfigure.web.servlet.MockMvcPrintOnlyOnFailureTestExecutionListener@30bce90b, org.springframework.boot.test.autoconfigure.web.servlet.WebDriverTestExecutionListener@3e6f3f28, org.springframework.boot.test.autoconfigure.webservices.client.MockWebServiceServerTestExecutionListener@7e19ebf0]
20:07:22.817 [main] DEBUG org.springframework.test.context.support.AbstractDirtiesContextTestExecutionListener - Before test class: context [DefaultTestContext@73a8da0f testClass = AuthApiControllerTest, testInstance = [null], testMethod = [null], testException = [null], mergedContextConfiguration = [WebMergedContextConfiguration@50dfbc58 testClass = AuthApiControllerTest, locations = '{}', classes = '{class com.example.finance.FinanceApplication}', contextInitializerClasses = '[]', activeProfiles = '{}', propertySourceLocations = '{}', propertySourceProperties = '{org.springframework.boot.test.autoconfigure.web.servlet.WebMvcTestContextBootstrapper=true}', contextCustomizers = set[[ImportsContextCustomizer@4416d64f key = [org.springframework.boot.autoconfigure.task.TaskExecutionAutoConfiguration, org.springframework.boot.autoconfigure.cache.CacheAutoConfiguration, org.springframework.boot.autoconfigure.web.servlet.HttpEncodingAutoConfiguration, org.springframework.boot.autoconfigure.validation.ValidationAutoConfiguration, org.springframework.boot.autoconfigure.context.MessageSourceAutoConfiguration, org.springframework.boot.autoconfigure.hateoas.HypermediaAutoConfiguration, org.springframework.boot.autoconfigure.data.web.SpringDataWebAutoConfiguration, org.springframework.boot.autoconfigure.jackson.JacksonAutoConfiguration, org.springframework.boot.test.autoconfigure.web.reactive.WebTestClientAutoConfiguration, org.springframework.boot.autoconfigure.web.servlet.error.ErrorMvcAutoConfiguration, org.springframework.boot.test.autoconfigure.web.servlet.MockMvcAutoConfiguration, org.springframework.boot.autoconfigure.security.servlet.SecurityAutoConfiguration, org.springframework.boot.autoconfigure.security.servlet.SecurityFilterAutoConfiguration, org.springframework.boot.autoconfigure.http.HttpMessageConvertersAutoConfiguration, org.springframework.boot.autoconfigure.security.oauth2.client.servlet.OAuth2ClientAutoConfiguration, org.springframework.boot.test.autoconfigure.web.servlet.MockMvcSecurityConfiguration, org.springframework.boot.test.autoconfigure.web.servlet.MockMvcWebClientAutoConfiguration, org.springframework.boot.test.autoconfigure.web.servlet.MockMvcWebDriverAutoConfiguration, org.springframework.boot.autoconfigure.thymeleaf.ThymeleafAutoConfiguration, org.springframework.boot.autoconfigure.gson.GsonAutoConfiguration, org.springframework.boot.autoconfigure.jsonb.JsonbAutoConfiguration, org.springframework.boot.autoconfigure.freemarker.FreeMarkerAutoConfiguration, org.springframework.boot.autoconfigure.web.servlet.WebMvcAutoConfiguration, org.springframework.boot.autoconfigure.security.servlet.UserDetailsServiceAutoConfiguration, org.springframework.boot.autoconfigure.security.oauth2.resource.servlet.OAuth2ResourceServerAutoConfiguration, org.springframework.boot.autoconfigure.groovy.template.GroovyTemplateAutoConfiguration, org.springframework.boot.autoconfigure.mustache.MustacheAutoConfiguration]], org.springframework.boot.test.context.filter.ExcludeFilterContextCustomizer@33065d67, org.springframework.boot.test.json.DuplicateJsonObjectContextCustomizerFactory$DuplicateJsonObjectContextCustomizer@742ff096, org.springframework.boot.test.mock.mockito.MockitoContextCustomizer@a74fd1dd, org.springframework.boot.test.autoconfigure.OverrideAutoConfigurationContextCustomizerFactory$DisableAutoConfigurationContextCustomizer@7ce026d3, org.springframework.boot.test.autoconfigure.actuate.metrics.MetricsExportContextCustomizerFactory$DisableMetricExportContextCustomizer@6e9a5ed8, org.springframework.boot.test.autoconfigure.filter.TypeExcludeFiltersContextCustomizer@5d2bad64, org.springframework.boot.test.autoconfigure.properties.PropertyMappingContextCustomizer@1a34fc43, org.springframework.boot.test.autoconfigure.web.servlet.WebDriverContextCustomizerFactory$Customizer@15888343, org.springframework.boot.test.context.SpringBootTestArgs@1, org.springframework.boot.test.context.SpringBootTestWebEnvironment@0], resourceBasePath = 'src/main/webapp', contextLoader = 'org.springframework.boot.test.context.SpringBootContextLoader', parent = [null]], attributes = map[[empty]]], class annotated with @DirtiesContext [false] with mode [null].

  .   ____          _            __ _ _
 /\\ / ___'_ __ _ _(_)_ __  __ _ \ \ \ \
( ( )\___ | '_ | '_| | '_ \/ _` | \ \ \ \
 \\/  ___)| |_)| | | | | || (_| |  ) ) ) )
  '  |____| .__|_| |_|_| |_\__, | / / / /
 =========|_|==============|___/=/_/_/_/
 :: Spring Boot ::               (v2.7.18)

2026-08-14 20:07:23.111  INFO 22460 --- [           main] c.e.f.controller.AuthApiControllerTest   : Starting AuthApiControllerTest using Java 21.0.6 on Olya with PID 22460 (started by TUF GAMING in D:\repo\java\finance-monitor-react-full)
2026-08-14 20:07:23.112  INFO 22460 --- [           main] c.e.f.controller.AuthApiControllerTest   : The following 1 profile is active: "dev"
2026-08-14 20:07:24.379  WARN 22460 --- [           main] .s.s.UserDetailsServiceAutoConfiguration : 

Using generated security password: 6fc56237-91dd-44a5-8c92-b8de6443cc54

This generated password is for development use only. Your security configuration must be updated before running your application in production.

2026-08-14 20:07:24.526  INFO 22460 --- [           main] o.s.s.web.DefaultSecurityFilterChain     : Will secure any request with [org.springframework.security.web.session.DisableEncodeUrlFilter@5e5a8718, org.springframework.security.web.context.request.async.WebAsyncManagerIntegrationFilter@7404ddca, org.springframework.security.web.context.SecurityContextPersistenceFilter@2cae5fa7, org.springframework.security.web.header.HeaderWriterFilter@987a0bb, org.springframework.security.web.csrf.CsrfFilter@161d95c6, org.springframework.security.web.authentication.logout.LogoutFilter@45eab322, org.springframework.security.web.authentication.UsernamePasswordAuthenticationFilter@6eede35e, org.springframework.security.web.authentication.ui.DefaultLoginPageGeneratingFilter@7f426ddd, org.springframework.security.web.authentication.ui.DefaultLogoutPageGeneratingFilter@615e83ac, org.springframework.security.web.authentication.www.BasicAuthenticationFilter@40dd552c, org.springframework.security.web.savedrequest.RequestCacheAwareFilter@532dacf5, org.springframework.security.web.servletapi.SecurityContextHolderAwareRequestFilter@da09250, org.springframework.security.web.authentication.AnonymousAuthenticationFilter@4438938e, org.springframework.security.web.session.SessionManagementFilter@3719360c, org.springframework.security.web.access.ExceptionTranslationFilter@71567f33, org.springframework.security.web.access.intercept.FilterSecurityInterceptor@5cd8d029]
2026-08-14 20:07:24.591  INFO 22460 --- [           main] o.s.b.t.m.w.SpringBootMockServletContext : Initializing Spring TestDispatcherServlet ''
2026-08-14 20:07:24.591  INFO 22460 --- [           main] o.s.t.web.servlet.TestDispatcherServlet  : Initializing Servlet ''
2026-08-14 20:07:24.592  INFO 22460 --- [           main] o.s.t.web.servlet.TestDispatcherServlet  : Completed initialization in 1 ms
2026-08-14 20:07:24.613  INFO 22460 --- [           main] c.e.f.controller.AuthApiControllerTest   : Started AuthApiControllerTest in 1.77 seconds (JVM running for 2.392)

MockHttpServletRequest:
      HTTP Method = POST
      Request URI = /api/auth/register
       Parameters = {_csrf=[347e8372-0b52-4ec9-953d-a9d0fba37f06]}
          Headers = [Content-Type:"application/json;charset=UTF-8", Content-Length:"3"]
             Body = {} 
    Session Attrs = {}

Handler:
             Type = null

Async:
    Async started = false
     Async result = null

Resolved Exception:
             Type = null

ModelAndView:
        View name = null
             View = null
            Model = null

FlashMap:
       Attributes = null

MockHttpServletResponse:
           Status = 401
    Error message = Unauthorized
          Headers = [WWW-Authenticate:"Basic realm="Realm"", X-Content-Type-Options:"nosniff", X-XSS-Protection:"1; mode=block", Cache-Control:"no-cache, no-store, max-age=0, must-revalidate", Pragma:"no-cache", Expires:"0", X-Frame-Options:"DENY"]
     Content type = null
             Body = 
    Forwarded URL = null
   Redirected URL = null
          Cookies = []
]]></system-out>
  </testcase>
</testsuite>